<?xml version="1.0" encoding="UTF-8"?>
<testng-results ignored="0" total="8" passed="8" failed="0" skipped="0">
  <reporter-output>
  </reporter-output>
  <suite started-at="2023-04-28T20:05:44 IST" name="Suite" finished-at="2023-04-28T20:07:05 IST" duration-ms="81871">
    <groups>
    </groups>
    <test started-at="2023-04-28T20:05:44 IST" name="Test" finished-at="2023-04-28T20:07:05 IST" duration-ms="81871">
      <class name="dataprovider.DataProvide">
        <test-method is-config="true" signature="open()[pri:0, instance:dataprovider.DataProvide@b62d79]" started-at="2023-04-28T20:05:45 IST" name="open" finished-at="2023-04-28T20:05:52 IST" duration-ms="6786" status="PASS">
          <reporter-output>
          </reporter-output>
        </test-method> <!-- open -->
        <test-method signature="test(java.lang.String,java.lang.String)[pri:0, instance:dataprovider.DataProvide@b62d79]" started-at="2023-04-28T20:05:52 IST" name="test" data-provider="alldata" finished-at="2023-04-28T20:05:56 IST" duration-ms="4188" status="PASS">
          <params>
            <param index="0">
              <value>
                <![CDATA[qspider#u80]]>
              </value>
            </param>
            <param index="1">
              <value>
                <![CDATA[qs123]]>
              </value>
            </param>
          </params>
          <reporter-output>
          </reporter-output>
        </test-method> <!-- test -->
        <test-method is-config="true" signature="off()[pri:0, instance:dataprovider.DataProvide@b62d79]" started-at="2023-04-28T20:05:56 IST" name="off" finished-at="2023-04-28T20:05:57 IST" duration-ms="969" status="PASS">
          <reporter-output>
          </reporter-output>
        </test-method> <!-- off -->
        <test-method is-config="true" signature="open()[pri:0, instance:dataprovider.DataProvide@b62d79]" started-at="2023-04-28T20:05:57 IST" name="open" finished-at="2023-04-28T20:06:01 IST" duration-ms="4468" status="PASS">
          <reporter-output>
          </reporter-output>
        </test-method> <!-- open -->
        <test-method signature="test(java.lang.String,java.lang.String)[pri:0, instance:dataprovider.DataProvide@b62d79]" started-at="2023-04-28T20:06:01 IST" name="test" data-provider="alldata" finished-at="2023-04-28T20:06:05 IST" duration-ms="4126" status="PASS">
          <params>
            <param index="0">
              <value>
                <![CDATA[pranab%32]]>
              </value>
            </param>
            <param index="1">
              <value>
                <![CDATA[pr54]]>
              </value>
            </param>
          </params>
          <reporter-output>
          </reporter-output>
        </test-method> <!-- test -->
        <test-method is-config="true" signature="off()[pri:0, instance:dataprovider.DataProvide@b62d79]" started-at="2023-04-28T20:06:05 IST" name="off" finished-at="2023-04-28T20:06:06 IST" duration-ms="811" status="PASS">
          <reporter-output>
          </reporter-output>
        </test-method> <!-- off -->
        <test-method is-config="true" signature="open()[pri:0, instance:dataprovider.DataProvide@b62d79]" started-at="2023-04-28T20:06:06 IST" name="open" finished-at="2023-04-28T20:06:11 IST" duration-ms="4449" status="PASS">
          <reporter-output>
          </reporter-output>
        </test-method> <!-- open -->
        <test-method signature="test(java.lang.String,java.lang.String)[pri:0, instance:dataprovider.DataProvide@b62d79]" started-at="2023-04-28T20:06:11 IST" name="test" data-provider="alldata" finished-at="2023-04-28T20:06:15 IST" duration-ms="4161" status="PASS">
          <params>
            <param index="0">
              <value>
                <![CDATA[Giri435*]]>
              </value>
            </param>
            <param index="1">
              <value>
                <![CDATA[gr90]]>
              </value>
            </param>
          </params>
          <reporter-output>
          </reporter-output>
        </test-method> <!-- test -->
        <test-method is-config="true" signature="off()[pri:0, instance:dataprovider.DataProvide@b62d79]" started-at="2023-04-28T20:06:15 IST" name="off" finished-at="2023-04-28T20:06:16 IST" duration-ms="802" status="PASS">
          <reporter-output>
          </reporter-output>
        </test-method> <!-- off -->
        <test-method is-config="true" signature="open()[pri:0, instance:dataprovider.DataProvide@b62d79]" started-at="2023-04-28T20:06:16 IST" name="open" finished-at="2023-04-28T20:06:20 IST" duration-ms="4471" status="PASS">
          <reporter-output>
          </reporter-output>
        </test-method> <!-- open -->
        <test-method signature="test(java.lang.String,java.lang.String)[pri:0, instance:dataprovider.DataProvide@b62d79]" started-at="2023-04-28T20:06:20 IST" name="test" data-provider="alldata" finished-at="2023-04-28T20:06:24 IST" duration-ms="4154" status="PASS">
          <params>
            <param index="0">
              <value>
                <![CDATA[kalu7%4]]>
              </value>
            </param>
            <param index="1">
              <value>
                <![CDATA[ka430]]>
              </value>
            </param>
          </params>
          <reporter-output>
          </reporter-output>
        </test-method> <!-- test -->
        <test-method is-config="true" signature="off()[pri:0, instance:dataprovider.DataProvide@b62d79]" started-at="2023-04-28T20:06:24 IST" name="off" finished-at="2023-04-28T20:06:25 IST" duration-ms="818" status="PASS">
          <reporter-output>
          </reporter-output>
        </test-method> <!-- off -->
        <test-method is-config="true" signature="open()[pri:0, instance:dataprovider.DataProvide@b62d79]" started-at="2023-04-28T20:06:25 IST" name="open" finished-at="2023-04-28T20:06:30 IST" duration-ms="4792" status="PASS">
          <reporter-output>
          </reporter-output>
        </test-method> <!-- open -->
        <test-method signature="test(java.lang.String,java.lang.String)[pri:0, instance:dataprovider.DataProvide@b62d79]" started-at="2023-04-28T20:06:30 IST" name="test" data-provider="alldata" finished-at="2023-04-28T20:06:34 IST" duration-ms="4123" status="PASS">
          <params>
            <param index="0">
              <value>
                <![CDATA[Bablu245&]]>
              </value>
            </param>
            <param index="1">
              <value>
                <![CDATA[bab123]]>
              </value>
            </param>
          </params>
          <reporter-output>
          </reporter-output>
        </test-method> <!-- test -->
        <test-method is-config="true" signature="off()[pri:0, instance:dataprovider.DataProvide@b62d79]" started-at="2023-04-28T20:06:34 IST" name="off" finished-at="2023-04-28T20:06:35 IST" duration-ms="963" status="PASS">
          <reporter-output>
          </reporter-output>
        </test-method> <!-- off -->
        <test-method is-config="true" signature="open()[pri:0, instance:dataprovider.DataProvide@b62d79]" started-at="2023-04-28T20:06:35 IST" name="open" finished-at="2023-04-28T20:06:40 IST" duration-ms="5491" status="PASS">
          <reporter-output>
          </reporter-output>
        </test-method> <!-- open -->
        <test-method signature="test(java.lang.String,java.lang.String)[pri:0, instance:dataprovider.DataProvide@b62d79]" started-at="2023-04-28T20:06:40 IST" name="test" data-provider="alldata" finished-at="2023-04-28T20:06:45 IST" duration-ms="4170" status="PASS">
          <params>
            <param index="0">
              <value>
                <![CDATA[Modon@134]]>
              </value>
            </param>
            <param index="1">
              <value>
                <![CDATA[mo78]]>
              </value>
            </param>
          </params>
          <reporter-output>
          </reporter-output>
        </test-method> <!-- test -->
        <test-method is-config="true" signature="off()[pri:0, instance:dataprovider.DataProvide@b62d79]" started-at="2023-04-28T20:06:45 IST" name="off" finished-at="2023-04-28T20:06:45 IST" duration-ms="961" status="PASS">
          <reporter-output>
          </reporter-output>
        </test-method> <!-- off -->
        <test-method is-config="true" signature="open()[pri:0, instance:dataprovider.DataProvide@b62d79]" started-at="2023-04-28T20:06:45 IST" name="open" finished-at="2023-04-28T20:06:50 IST" duration-ms="4989" status="PASS">
          <reporter-output>
          </reporter-output>
        </test-method> <!-- open -->
        <test-method signature="test(java.lang.String,java.lang.String)[pri:0, instance:dataprovider.DataProvide@b62d79]" started-at="2023-04-28T20:06:50 IST" name="test" data-provider="alldata" finished-at="2023-04-28T20:06:55 IST" duration-ms="4213" status="PASS">
          <params>
            <param index="0">
              <value>
                <![CDATA[pranabendu@project.com]]>
              </value>
            </param>
            <param index="1">
              <value>
                <![CDATA[pranabendu123]]>
              </value>
            </param>
          </params>
          <reporter-output>
          </reporter-output>
        </test-method> <!-- test -->
        <test-method is-config="true" signature="off()[pri:0, instance:dataprovider.DataProvide@b62d79]" started-at="2023-04-28T20:06:55 IST" name="off" finished-at="2023-04-28T20:06:56 IST" duration-ms="1012" status="PASS">
          <reporter-output>
          </reporter-output>
        </test-method> <!-- off -->
        <test-method is-config="true" signature="open()[pri:0, instance:dataprovider.DataProvide@b62d79]" started-at="2023-04-28T20:06:56 IST" name="open" finished-at="2023-04-28T20:07:01 IST" duration-ms="4833" status="PASS">
          <reporter-output>
          </reporter-output>
        </test-method> <!-- open -->
        <test-method signature="test(java.lang.String,java.lang.String)[pri:0, instance:dataprovider.DataProvide@b62d79]" started-at="2023-04-28T20:07:01 IST" name="test" data-provider="alldata" finished-at="2023-04-28T20:07:05 IST" duration-ms="4147" status="PASS">
          <params>
            <param index="0">
              <value>
                <![CDATA[PRANAB@GMAIL.COM]]>
              </value>
            </param>
            <param index="1">
              <value>
                <![CDATA[PRANAB123]]>
              </value>
            </param>
          </params>
          <reporter-output>
          </reporter-output>
        </test-method> <!-- test -->
        <test-method is-config="true" signature="off()[pri:0, instance:dataprovider.DataProvide@b62d79]" started-at="2023-04-28T20:07:05 IST" name="off" finished-at="2023-04-28T20:07:05 IST" duration-ms="791" status="PASS">
          <reporter-output>
          </reporter-output>
        </test-method> <!-- off -->
      </class> <!-- dataprovider.DataProvide -->
    </test> <!-- Test -->
  </suite> <!-- Suite -->
</testng-results>
