<?xml version="1.0" encoding="UTF-8"?>
<testng-results ignored="0" total="1" passed="1" failed="0" skipped="0">
  <reporter-output>
  </reporter-output>
  <suite started-at="2023-04-26T15:18:56 IST" name="Default suite" finished-at="2023-04-26T15:18:57 IST" duration-ms="88">
    <groups>
    </groups>
    <test started-at="2023-04-26T15:18:56 IST" name="Default test" finished-at="2023-04-26T15:18:57 IST" duration-ms="88">
      <class name="Log4J.Print_In_Console">
        <test-method signature="build()[pri:0, instance:Log4J.Print_In_Console@73ee04c8]" started-at="2023-04-26T15:18:56 IST" name="build" finished-at="2023-04-26T15:18:57 IST" duration-ms="41" status="PASS">
          <reporter-output>
          </reporter-output>
        </test-method> <!-- build -->
      </class> <!-- Log4J.Print_In_Console -->
    </test> <!-- Default test -->
  </suite> <!-- Default suite -->
</testng-results>
