<?xml version="1.0" encoding="UTF-8"?>
<!-- Generated by org.testng.reporters.JUnitXMLReporter -->
<testsuite ignored="0" hostname="LAPTOP-A4ROGLP3" failures="0" tests="8" name="Test" time="81.871" errors="0" timestamp="2023-04-28T20:07:05 IST">
  <testcase classname="dataprovider.DataProvide" name="test" time="4.188"/>
  <testcase classname="dataprovider.DataProvide" name="test" time="4.126"/>
  <testcase classname="dataprovider.DataProvide" name="test" time="4.161"/>
  <testcase classname="dataprovider.DataProvide" name="test" time="4.154"/>
  <testcase classname="dataprovider.DataProvide" name="test" time="4.123"/>
  <testcase classname="dataprovider.DataProvide" name="test" time="4.17"/>
  <testcase classname="dataprovider.DataProvide" name="test" time="4.213"/>
  <testcase classname="dataprovider.DataProvide" name="test" time="4.147"/>
</testsuite> <!-- Test -->
